<?xml version="1.0" encoding="UTF-8"?>
<testsuite name="com.kodilla.patterns.singleton.SettingsFileEngineTest" tests="3" skipped="0" failures="0" errors="0" timestamp="2022-05-11T11:27:11" hostname="DESKTOP-UTMB8DE" time="0.011">
  <properties/>
  <testcase name="testSaveSettings()" classname="com.kodilla.patterns.singleton.SettingsFileEngineTest" time="0.003"/>
  <testcase name="testgetFileName()" classname="com.kodilla.patterns.singleton.SettingsFileEngineTest" time="0.003"/>
  <testcase name="testLoadSettings()" classname="com.kodilla.patterns.singleton.SettingsFileEngineTest" time="0.002"/>
  <system-out><![CDATA[Opening the settings file
Saving settings to file
Opened: myapp.settings
Loading settings from file
Closing the settings file
]]></system-out>
  <system-err><![CDATA[]]></system-err>
</testsuite>
